<?xml version="1.0" encoding="UTF-8"?>
<!-- Generated by org.testng.reporters.JUnitXMLReporter -->
<testsuite hostname="E8WPO9ZF7HLPHVE" failures="0" tests="15" name="Default test" time="2.234" errors="0" timestamp="28 Feb 2020 03:29:58 GMT">
  <testcase classname="pres.auxiliary.work.testcase.WriteTestCaseTest" name="addContextTest" time="0.006"/>
  <testcase classname="pres.auxiliary.work.testcase.WriteTestCaseTest" name="addExceptTest" time="0.001"/>
  <testcase classname="pres.auxiliary.work.testcase.WriteTestCaseTest" name="addPreconditionTest" time="0.002"/>
  <testcase classname="pres.auxiliary.work.testcase.WriteTestCaseTest" name="addRankTest_NotData" time="0.001"/>
  <testcase classname="pres.auxiliary.work.testcase.WriteTestCaseTest" name="addStepTest" time="0.002"/>
  <testcase classname="pres.auxiliary.work.testcase.WriteTestCaseTest" name="addTitleTest" time="0.002"/>
  <testcase classname="pres.auxiliary.work.testcase.WriteTestCaseTest" name="endTest" time="0.003"/>
  <testcase classname="pres.auxiliary.work.testcase.WriteTestCaseTest" name="fieldBackgroundTest" time="0.008"/>
  <testcase classname="pres.auxiliary.work.testcase.WriteTestCaseTest" name="markFieldTest" time="0.003"/>
  <testcase classname="pres.auxiliary.work.testcase.WriteTestCaseTest" name="markStepAndExceptTest" time="0.007"/>
  <testcase classname="pres.auxiliary.work.testcase.WriteTestCaseTest" name="markTest" time="0.008"/>
  <testcase classname="pres.auxiliary.work.testcase.WriteTestCaseTest" name="markTextTest" time="0.009"/>
  <testcase classname="pres.auxiliary.work.testcase.WriteTestCaseTest" name="rowBackgroundTest" time="0.004"/>
  <testcase classname="pres.auxiliary.work.testcase.WriteTestCaseTest" name="setRankTest" time="0.001"/>
  <testcase classname="pres.auxiliary.work.testcase.WriteTestCaseTest" name="setReplactWordTest" time="0.003"/>
</testsuite> <!-- Default test -->
