<?xml version="1.0" encoding="UTF-8"?>
<testng-results ignored="0" total="1" passed="1" failed="0" skipped="0">
  <reporter-output>
  </reporter-output>
  <suite started-at="2020-03-01T17:05:48 CST" name="Default suite" finished-at="2020-03-01T17:05:52 CST" duration-ms="3935">
    <groups>
    </groups>
    <test started-at="2020-03-01T17:05:48 CST" name="Default test" finished-at="2020-03-01T17:05:52 CST" duration-ms="3935">
      <class name="pres.auxiliary.work.testcase.WriteTestCaseTest_WriteCase">
        <test-method is-config="true" signature="createTemplet()[pri:0, instance:pres.auxiliary.work.testcase.WriteTestCaseTest_WriteCase@130d63be]" started-at="2020-03-01T17:05:48 CST" name="createTemplet" finished-at="2020-03-01T17:05:50 CST" duration-ms="2566" status="PASS">
          <reporter-output>
          </reporter-output>
        </test-method> <!-- createTemplet -->
        <test-method signature="step_01()[pri:0, instance:pres.auxiliary.work.testcase.WriteTestCaseTest_WriteCase@130d63be]" started-at="2020-03-01T17:05:50 CST" name="step_01" finished-at="2020-03-01T17:05:50 CST" duration-ms="54" status="PASS">
          <reporter-output>
          </reporter-output>
        </test-method> <!-- step_01 -->
        <test-method is-config="true" signature="openFolder()[pri:0, instance:pres.auxiliary.work.testcase.WriteTestCaseTest_WriteCase@130d63be]" started-at="2020-03-01T17:05:50 CST" name="openFolder" finished-at="2020-03-01T17:05:52 CST" duration-ms="1227" status="PASS">
          <reporter-output>
          </reporter-output>
        </test-method> <!-- openFolder -->
      </class> <!-- pres.auxiliary.work.testcase.WriteTestCaseTest_WriteCase -->
    </test> <!-- Default test -->
  </suite> <!-- Default suite -->
</testng-results>
