<?xml version="1.0" encoding="UTF-8"?>
<testng-results total="1" passed="1" failed="0" skipped="0">
  <reporter-output>
  </reporter-output>
  <suite started-at="2020-03-03T00:04:52Z" name="Default suite" finished-at="2020-03-03T00:04:54Z" duration-ms="1930">
    <groups>
    </groups>
    <test started-at="2020-03-03T00:04:52Z" name="Default test" finished-at="2020-03-03T00:04:54Z" duration-ms="1930">
      <class name="pres.auxiliary.work.testcase.WriteTestCaseTest">
        <test-method is-config="true" signature="createTemplet()[pri:0, instance:pres.auxiliary.work.testcase.WriteTestCaseTest@74294adb]" started-at="2020-03-03T08:04:52Z" name="createTemplet" finished-at="2020-03-03T08:04:53Z" duration-ms="1442" status="PASS">
          <reporter-output>
          </reporter-output>
        </test-method> <!-- createTemplet -->
        <test-method is-config="true" signature="addContent(java.lang.reflect.Method)[pri:0, instance:pres.auxiliary.work.testcase.WriteTestCaseTest@74294adb]" started-at="2020-03-03T08:04:53Z" name="addContent" finished-at="2020-03-03T08:04:53Z" duration-ms="0" status="PASS">
          <params>
            <param index="0">
              <value>
                <![CDATA[public void pres.auxiliary.work.testcase.WriteTestCaseTest.addTitleTest()]]>
              </value>
            </param>
          </params>
          <reporter-output>
          </reporter-output>
        </test-method> <!-- addContent -->
        <test-method signature="addTitleTest()[pri:0, instance:pres.auxiliary.work.testcase.WriteTestCaseTest@74294adb]" started-at="2020-03-03T08:04:53Z" name="addTitleTest" finished-at="2020-03-03T08:04:53Z" duration-ms="5" status="PASS">
          <reporter-output>
          </reporter-output>
        </test-method> <!-- addTitleTest -->
        <test-method is-config="true" signature="endCase()[pri:0, instance:pres.auxiliary.work.testcase.WriteTestCaseTest@74294adb]" started-at="2020-03-03T08:04:53Z" name="endCase" finished-at="2020-03-03T08:04:53Z" duration-ms="11" status="PASS">
          <reporter-output>
          </reporter-output>
        </test-method> <!-- endCase -->
        <test-method is-config="true" signature="openFolder()[pri:0, instance:pres.auxiliary.work.testcase.WriteTestCaseTest@74294adb]" started-at="2020-03-03T08:04:53Z" name="openFolder" finished-at="2020-03-03T08:04:54Z" duration-ms="453" status="PASS">
          <reporter-output>
          </reporter-output>
        </test-method> <!-- openFolder -->
      </class> <!-- pres.auxiliary.work.testcase.WriteTestCaseTest -->
    </test> <!-- Default test -->
  </suite> <!-- Default suite -->
</testng-results>
