<?xml version="1.0" encoding="UTF-8"?>
<testng-results total="1" passed="1" failed="0" skipped="0">
  <reporter-output>
  </reporter-output>
  <suite started-at="2020-03-02T11:49:26Z" name="Default suite" finished-at="2020-03-02T11:49:29Z" duration-ms="2590">
    <groups>
    </groups>
    <test started-at="2020-03-02T11:49:26Z" name="Default test" finished-at="2020-03-02T11:49:29Z" duration-ms="2590">
      <class name="pres.auxiliary.work.testcase.WriteTestCaseTest_WriteCase">
        <test-method is-config="true" signature="createTemplet()[pri:0, instance:pres.auxiliary.work.testcase.WriteTestCaseTest_WriteCase@48a242ce]" started-at="2020-03-02T19:49:26Z" name="createTemplet" finished-at="2020-03-02T19:49:28Z" duration-ms="1524" status="PASS">
          <reporter-output>
          </reporter-output>
        </test-method> <!-- createTemplet -->
        <test-method signature="step_01()[pri:0, instance:pres.auxiliary.work.testcase.WriteTestCaseTest_WriteCase@48a242ce]" started-at="2020-03-02T19:49:28Z" name="step_01" finished-at="2020-03-02T19:49:28Z" duration-ms="42" status="PASS">
          <reporter-output>
          </reporter-output>
        </test-method> <!-- step_01 -->
        <test-method is-config="true" signature="openFolder()[pri:0, instance:pres.auxiliary.work.testcase.WriteTestCaseTest_WriteCase@48a242ce]" started-at="2020-03-02T19:49:28Z" name="openFolder" finished-at="2020-03-02T19:49:29Z" duration-ms="998" status="PASS">
          <reporter-output>
          </reporter-output>
        </test-method> <!-- openFolder -->
      </class> <!-- pres.auxiliary.work.testcase.WriteTestCaseTest_WriteCase -->
    </test> <!-- Default test -->
  </suite> <!-- Default suite -->
</testng-results>
